0 info it worked if it ends with ok
1 verbose cli [ 'I:\\Nodejs\\\\node.exe',
1 verbose cli   'I:\\Nodejs\\node_modules\\npm\\bin\\npm-cli.js',
1 verbose cli   'install',
1 verbose cli   '-',
1 verbose cli   'g',
1 verbose cli   'plugman' ]
2 info using npm@1.4.28
3 info using node@v0.10.32
4 verbose node symlink I:\Nodejs\\node.exe
5 verbose cache add [ '-', null ]
6 verbose cache add name=undefined spec="-" args=["-",null]
7 verbose parsed url { protocol: null,
7 verbose parsed url   slashes: null,
7 verbose parsed url   auth: null,
7 verbose parsed url   host: null,
7 verbose parsed url   port: null,
7 verbose parsed url   hostname: null,
7 verbose parsed url   hash: null,
7 verbose parsed url   search: null,
7 verbose parsed url   query: null,
7 verbose parsed url   pathname: '-',
7 verbose parsed url   path: '-',
7 verbose parsed url   href: '-' }
8 verbose cache add [ 'g', null ]
9 verbose cache add name=undefined spec="g" args=["g",null]
10 verbose parsed url { protocol: null,
10 verbose parsed url   slashes: null,
10 verbose parsed url   auth: null,
10 verbose parsed url   host: null,
10 verbose parsed url   port: null,
10 verbose parsed url   hostname: null,
10 verbose parsed url   hash: null,
10 verbose parsed url   search: null,
10 verbose parsed url   query: null,
10 verbose parsed url   pathname: 'g',
10 verbose parsed url   path: 'g',
10 verbose parsed url   href: 'g' }
11 verbose cache add [ 'plugman', null ]
12 verbose cache add name=undefined spec="plugman" args=["plugman",null]
13 verbose parsed url { protocol: null,
13 verbose parsed url   slashes: null,
13 verbose parsed url   auth: null,
13 verbose parsed url   host: null,
13 verbose parsed url   port: null,
13 verbose parsed url   hostname: null,
13 verbose parsed url   hash: null,
13 verbose parsed url   search: null,
13 verbose parsed url   query: null,
13 verbose parsed url   pathname: 'plugman',
13 verbose parsed url   path: 'plugman',
13 verbose parsed url   href: 'plugman' }
14 silly lockFile 3bc15c8a- -
15 verbose lock - C:\Users\Abhishek Arora\AppData\Roaming\npm-cache\3bc15c8a-.lock
16 silly lockFile 54fd1711-g g
17 verbose lock g C:\Users\Abhishek Arora\AppData\Roaming\npm-cache\54fd1711-g.lock
18 silly lockFile 3c17847d-plugman plugman
19 verbose lock plugman C:\Users\Abhishek Arora\AppData\Roaming\npm-cache\3c17847d-plugman.lock
20 silly lockFile 3bc15c8a- -
21 silly lockFile 3bc15c8a- -
22 silly lockFile 54fd1711-g g
23 silly lockFile 54fd1711-g g
24 silly lockFile 3c17847d-plugman plugman
25 silly lockFile 3c17847d-plugman plugman
26 verbose addNamed [ '-', '' ]
27 verbose addNamed [ null, '*' ]
28 silly lockFile c75fe0d4- -@
29 verbose lock -@ C:\Users\Abhishek Arora\AppData\Roaming\npm-cache\c75fe0d4-.lock
30 verbose addNamed [ 'g', '' ]
31 verbose addNamed [ null, '*' ]
32 silly lockFile 8b047e1f-g g@
33 verbose lock g@ C:\Users\Abhishek Arora\AppData\Roaming\npm-cache\8b047e1f-g.lock
34 verbose addNamed [ 'plugman', '' ]
35 verbose addNamed [ null, '*' ]
36 silly lockFile 9ad59204-plugman plugman@
37 verbose lock plugman@ C:\Users\Abhishek Arora\AppData\Roaming\npm-cache\9ad59204-plugman.lock
38 silly addNameRange { name: '-', range: '*', hasData: false }
39 silly addNameRange { name: 'plugman', range: '*', hasData: false }
40 verbose request where is /-
41 verbose request registry https://registry.npmjs.org/
42 verbose request id 28917e699bb79437
43 verbose url raw /-
44 verbose url resolving [ 'https://registry.npmjs.org/', './-' ]
45 verbose url resolved https://registry.npmjs.org/-
46 verbose request where is https://registry.npmjs.org/-
47 info trying registry request attempt 1 at 13:48:29
48 http GET https://registry.npmjs.org/-
49 silly addNameRange { name: 'g', range: '*', hasData: false }
50 verbose request where is /plugman
51 verbose request registry https://registry.npmjs.org/
52 verbose url raw /plugman
53 verbose url resolving [ 'https://registry.npmjs.org/', './plugman' ]
54 verbose url resolved https://registry.npmjs.org/plugman
55 verbose request where is https://registry.npmjs.org/plugman
56 info trying registry request attempt 1 at 13:48:29
57 http GET https://registry.npmjs.org/plugman
58 verbose request where is /g
59 verbose request registry https://registry.npmjs.org/
60 verbose url raw /g
61 verbose url resolving [ 'https://registry.npmjs.org/', './g' ]
62 verbose url resolved https://registry.npmjs.org/g
63 verbose request where is https://registry.npmjs.org/g
64 info trying registry request attempt 1 at 13:48:29
65 http GET https://registry.npmjs.org/g
66 http 404 https://registry.npmjs.org/-
67 verbose headers { date: 'Tue, 23 Sep 2014 08:18:15 GMT',
67 verbose headers   server: 'CouchDB/1.5.0 (Erlang OTP/R16B03)',
67 verbose headers   'content-type': 'application/json',
67 verbose headers   'cache-control': 'max-age=0',
67 verbose headers   'content-length': '52',
67 verbose headers   'accept-ranges': 'bytes',
67 verbose headers   via: '1.1 varnish',
67 verbose headers   age: '0',
67 verbose headers   'x-served-by': 'cache-hk93-HKG',
67 verbose headers   'x-cache': 'MISS',
67 verbose headers   'x-cache-hits': '0',
67 verbose headers   'x-timer': 'S1411460295.179006,VS0,VE245',
67 verbose headers   'keep-alive': 'timeout=10, max=50',
67 verbose headers   connection: 'Keep-Alive' }
68 silly registry.get cb [ 404,
68 silly registry.get   { date: 'Tue, 23 Sep 2014 08:18:15 GMT',
68 silly registry.get     server: 'CouchDB/1.5.0 (Erlang OTP/R16B03)',
68 silly registry.get     'content-type': 'application/json',
68 silly registry.get     'cache-control': 'max-age=0',
68 silly registry.get     'content-length': '52',
68 silly registry.get     'accept-ranges': 'bytes',
68 silly registry.get     via: '1.1 varnish',
68 silly registry.get     age: '0',
68 silly registry.get     'x-served-by': 'cache-hk93-HKG',
68 silly registry.get     'x-cache': 'MISS',
68 silly registry.get     'x-cache-hits': '0',
68 silly registry.get     'x-timer': 'S1411460295.179006,VS0,VE245',
68 silly registry.get     'keep-alive': 'timeout=10, max=50',
68 silly registry.get     connection: 'Keep-Alive' } ]
69 silly lockFile c75fe0d4- -@
70 silly lockFile c75fe0d4- -@
71 http 200 https://registry.npmjs.org/g
72 silly registry.get cb [ 200,
72 silly registry.get   { date: 'Tue, 23 Sep 2014 08:18:15 GMT',
72 silly registry.get     server: 'CouchDB/1.5.0 (Erlang OTP/R16B03)',
72 silly registry.get     etag: '"4E8UVIK3VSU3HCYX07O82S20H"',
72 silly registry.get     'content-type': 'application/json',
72 silly registry.get     'cache-control': 'max-age=60',
72 silly registry.get     'content-length': '3048',
72 silly registry.get     'accept-ranges': 'bytes',
72 silly registry.get     via: '1.1 varnish',
72 silly registry.get     age: '0',
72 silly registry.get     'x-served-by': 'cache-hk93-HKG',
72 silly registry.get     'x-cache': 'MISS',
72 silly registry.get     'x-cache-hits': '0',
72 silly registry.get     'x-timer': 'S1411460295.490316,VS0,VE190',
72 silly registry.get     vary: 'Accept',
72 silly registry.get     'keep-alive': 'timeout=10, max=50',
72 silly registry.get     connection: 'Keep-Alive' } ]
73 silly addNameRange number 2 { name: 'g', range: '*', hasData: true }
74 silly addNameRange versions [ 'g', [ '1.0.0', '1.0.1', '1.0.2' ] ]
75 verbose addNamed [ 'g', '1.0.2' ]
76 verbose addNamed [ '1.0.2', '1.0.2' ]
77 silly lockFile edaebc26-g-1-0-2 g@1.0.2
78 verbose lock g@1.0.2 C:\Users\Abhishek Arora\AppData\Roaming\npm-cache\edaebc26-g-1-0-2.lock
79 silly lockFile 5874d9b2-registry-npmjs-org-g-g-1-0-2-tgz https://registry.npmjs.org/g/-/g-1.0.2.tgz
80 verbose lock https://registry.npmjs.org/g/-/g-1.0.2.tgz C:\Users\Abhishek Arora\AppData\Roaming\npm-cache\5874d9b2-registry-npmjs-org-g-g-1-0-2-tgz.lock
81 verbose addRemoteTarball [ 'https://registry.npmjs.org/g/-/g-1.0.2.tgz',
81 verbose addRemoteTarball   '7176efe99be840518ffd05aff9625d38d7bc3225' ]
82 info retry fetch attempt 1 at 13:48:31
83 verbose fetch to= C:\Users\ABHISH~1\AppData\Local\Temp\npm-6372-eHY2sf5o\registry.npmjs.org\g\-\g-1.0.2.tgz
84 http GET https://registry.npmjs.org/g/-/g-1.0.2.tgz
85 http 200 https://registry.npmjs.org/plugman
86 silly registry.get cb [ 200,
86 silly registry.get   { date: 'Tue, 23 Sep 2014 08:18:15 GMT',
86 silly registry.get     server: 'CouchDB/1.5.0 (Erlang OTP/R16B03)',
86 silly registry.get     etag: '"2FI9XXTRQHRSHCW5N1XTYZ8C0"',
86 silly registry.get     'content-type': 'application/json',
86 silly registry.get     'cache-control': 'max-age=60',
86 silly registry.get     'content-length': '125332',
86 silly registry.get     'accept-ranges': 'bytes',
86 silly registry.get     via: '1.1 varnish',
86 silly registry.get     age: '1',
86 silly registry.get     'x-served-by': 'cache-hk93-HKG',
86 silly registry.get     'x-cache': 'MISS',
86 silly registry.get     'x-cache-hits': '0',
86 silly registry.get     'x-timer': 'S1411460295.065294,VS0,VE730',
86 silly registry.get     vary: 'Accept',
86 silly registry.get     'keep-alive': 'timeout=10, max=50',
86 silly registry.get     connection: 'Keep-Alive' } ]
87 silly addNameRange number 2 { name: 'plugman', range: '*', hasData: true }
88 silly addNameRange versions [ 'plugman',
88 silly addNameRange   [ '0.5.6',
88 silly addNameRange     '0.5.7',
88 silly addNameRange     '0.5.8',
88 silly addNameRange     '0.5.9',
88 silly addNameRange     '0.6.0',
88 silly addNameRange     '0.6.1',
88 silly addNameRange     '0.6.2',
88 silly addNameRange     '0.6.3',
88 silly addNameRange     '0.7.0',
88 silly addNameRange     '0.7.1',
88 silly addNameRange     '0.7.2',
88 silly addNameRange     '0.7.3',
88 silly addNameRange     '0.7.4',
88 silly addNameRange     '0.7.5',
88 silly addNameRange     '0.7.6',
88 silly addNameRange     '0.7.7',
88 silly addNameRange     '0.7.8',
88 silly addNameRange     '0.7.9',
88 silly addNameRange     '0.7.10',
88 silly addNameRange     '0.7.11',
88 silly addNameRange     '0.7.12',
88 silly addNameRange     '0.7.13',
88 silly addNameRange     '0.7.14',
88 silly addNameRange     '0.8.0',
88 silly addNameRange     '0.8.1',
88 silly addNameRange     '0.8.2',
88 silly addNameRange     '0.9.0',
88 silly addNameRange     '0.9.1',
88 silly addNameRange     '0.9.2',
88 silly addNameRange     '0.9.3',
88 silly addNameRange     '0.9.4',
88 silly addNameRange     '0.9.5',
88 silly addNameRange     '0.9.6',
88 silly addNameRange     '0.9.7',
88 silly addNameRange     '0.9.8',
88 silly addNameRange     '0.9.9',
88 silly addNameRange     '0.9.10',
88 silly addNameRange     '0.9.11',
88 silly addNameRange     '0.9.20',
88 silly addNameRange     '0.9.21',
88 silly addNameRange     '0.9.22',
88 silly addNameRange     '0.9.23',
88 silly addNameRange     '0.10.0',
88 silly addNameRange     '0.10.1',
88 silly addNameRange     '0.11.0',
88 silly addNameRange     '0.12.0',
88 silly addNameRange     '0.13.0',
88 silly addNameRange     '0.14.0',
88 silly addNameRange     '0.15.0',
88 silly addNameRange     '0.16.0',
88 silly addNameRange     '0.17.0',
88 silly addNameRange     '0.18.0',
88 silly addNameRange     '0.19.0',
88 silly addNameRange     '0.20.0',
88 silly addNameRange     '0.20.1',
88 silly addNameRange     '0.20.2',
88 silly addNameRange     '0.21.0',
88 silly addNameRange     '0.22.0',
88 silly addNameRange     '0.22.1',
88 silly addNameRange     '0.22.2',
88 silly addNameRange     '0.22.4',
88 silly addNameRange     '0.22.5',
88 silly addNameRange     '0.22.6',
88 silly addNameRange     '0.22.7',
88 silly addNameRange     '0.22.8',
88 silly addNameRange     '0.22.9',
88 silly addNameRange     '0.22.10' ] ]
89 verbose addNamed [ 'plugman', '0.22.10' ]
90 verbose addNamed [ '0.22.10', '0.22.10' ]
91 silly lockFile d4079fb9-plugman-0-22-10 plugman@0.22.10
92 verbose lock plugman@0.22.10 C:\Users\Abhishek Arora\AppData\Roaming\npm-cache\d4079fb9-plugman-0-22-10.lock
93 silly lockFile 0967c6c1--org-plugman-plugman-0-22-10-tgz https://registry.npmjs.org/plugman/-/plugman-0.22.10.tgz
94 verbose lock https://registry.npmjs.org/plugman/-/plugman-0.22.10.tgz C:\Users\Abhishek Arora\AppData\Roaming\npm-cache\0967c6c1--org-plugman-plugman-0-22-10-tgz.lock
95 verbose addRemoteTarball [ 'https://registry.npmjs.org/plugman/-/plugman-0.22.10.tgz',
95 verbose addRemoteTarball   'c6be21c9588ceef57b845c815c5096634c7c67b7' ]
96 info retry fetch attempt 1 at 13:48:32
97 verbose fetch to= C:\Users\ABHISH~1\AppData\Local\Temp\npm-6372-eHY2sf5o\registry.npmjs.org\plugman\-\plugman-0.22.10.tgz
98 http GET https://registry.npmjs.org/plugman/-/plugman-0.22.10.tgz
99 http 200 https://registry.npmjs.org/g/-/g-1.0.2.tgz
100 silly lockFile 5874d9b2-registry-npmjs-org-g-g-1-0-2-tgz https://registry.npmjs.org/g/-/g-1.0.2.tgz
101 silly lockFile 5874d9b2-registry-npmjs-org-g-g-1-0-2-tgz https://registry.npmjs.org/g/-/g-1.0.2.tgz
102 silly lockFile edaebc26-g-1-0-2 g@1.0.2
103 silly lockFile edaebc26-g-1-0-2 g@1.0.2
104 silly lockFile 8b047e1f-g g@
105 silly lockFile 8b047e1f-g g@
106 http 200 https://registry.npmjs.org/plugman/-/plugman-0.22.10.tgz
107 silly lockFile 0967c6c1--org-plugman-plugman-0-22-10-tgz https://registry.npmjs.org/plugman/-/plugman-0.22.10.tgz
108 silly lockFile 0967c6c1--org-plugman-plugman-0-22-10-tgz https://registry.npmjs.org/plugman/-/plugman-0.22.10.tgz
109 silly lockFile d4079fb9-plugman-0-22-10 plugman@0.22.10
110 silly lockFile d4079fb9-plugman-0-22-10 plugman@0.22.10
111 silly lockFile 9ad59204-plugman plugman@
112 silly lockFile 9ad59204-plugman plugman@
113 error Error: not_found document not found: -
113 error     at RegClient.<anonymous> (I:\Nodejs\node_modules\npm\node_modules\npm-registry-client\lib\request.js:308:14)
113 error     at Request._callback (I:\Nodejs\node_modules\npm\node_modules\npm-registry-client\lib\request.js:246:65)
113 error     at Request.self.callback (I:\Nodejs\node_modules\npm\node_modules\request\request.js:236:22)
113 error     at Request.emit (events.js:98:17)
113 error     at Request.<anonymous> (I:\Nodejs\node_modules\npm\node_modules\request\request.js:1142:14)
113 error     at Request.emit (events.js:117:20)
113 error     at IncomingMessage.<anonymous> (I:\Nodejs\node_modules\npm\node_modules\request\request.js:1096:12)
113 error     at IncomingMessage.emit (events.js:117:20)
113 error     at _stream_readable.js:943:16
113 error     at process._tickCallback (node.js:419:13)
114 error If you need help, you may report this *entire* log,
114 error including the npm and node versions, at:
114 error     <http://github.com/npm/npm/issues>
115 error System Windows_NT 6.1.7601
116 error command "I:\\Nodejs\\\\node.exe" "I:\\Nodejs\\node_modules\\npm\\bin\\npm-cli.js" "install" "-" "g" "plugman"
117 error cwd I:\workspace\swipeball
118 error node -v v0.10.32
119 error npm -v 1.4.28
120 verbose exit [ 1, true ]
